2021-04-10 11:02:03,551 INFO org.springframework.boot.StartupInfoLogger [main] Starting TownleagueApplication using Java 11.0.9.1 on DESKTOP-32C0MJJ with PID 16464 (C:\Users\aritz\IdeaProjects\townleague\target\classes started by aritz in C:\Users\aritz\IdeaProjects\townleague)
2021-04-10 11:02:03,555 INFO org.springframework.boot.SpringApplication [main] No active profile set, falling back to default profiles: default
2021-04-10 11:02:04,247 INFO org.springframework.data.repository.config.RepositoryConfigurationDelegate [main] Bootstrapping Spring Data JPA repositories in DEFAULT mode.
2021-04-10 11:02:04,314 INFO org.springframework.data.repository.config.RepositoryConfigurationDelegate [main] Finished Spring Data repository scanning in 57 ms. Found 6 JPA repository interfaces.
2021-04-10 11:02:05,213 INFO org.springframework.boot.web.embedded.tomcat.TomcatWebServer [main] Tomcat initialized with port(s): 8080 (http)
2021-04-10 11:02:05,225 INFO org.apache.juli.logging.DirectJDKLog [main] Initializing ProtocolHandler ["http-nio-8080"]
2021-04-10 11:02:05,226 INFO org.apache.juli.logging.DirectJDKLog [main] Starting service [Tomcat]
2021-04-10 11:02:05,226 INFO org.apache.juli.logging.DirectJDKLog [main] Starting Servlet engine: [Apache Tomcat/9.0.44]
2021-04-10 11:02:05,336 INFO org.apache.juli.logging.DirectJDKLog [main] Initializing Spring embedded WebApplicationContext
2021-04-10 11:02:05,336 INFO org.springframework.boot.web.servlet.context.ServletWebServerApplicationContext [main] Root WebApplicationContext: initialization completed in 1739 ms
2021-04-10 11:02:05,503 INFO org.hibernate.jpa.internal.util.LogHelper [main] HHH000204: Processing PersistenceUnitInfo [name: default]
2021-04-10 11:02:05,556 INFO org.hibernate.Version [main] HHH000412: Hibernate ORM core version 5.4.29.Final
2021-04-10 11:02:05,661 INFO org.hibernate.annotations.common.reflection.java.JavaReflectionManager [main] HCANN000001: Hibernate Commons Annotations {5.1.2.Final}
2021-04-10 11:02:05,747 INFO com.zaxxer.hikari.HikariDataSource [main] HikariPool-1 - Starting...
2021-04-10 11:02:05,886 INFO com.zaxxer.hikari.HikariDataSource [main] HikariPool-1 - Start completed.
2021-04-10 11:02:05,901 INFO org.hibernate.dialect.Dialect [main] HHH000400: Using dialect: org.hibernate.dialect.MySQL55Dialect
2021-04-10 11:02:06,596 INFO org.hibernate.engine.transaction.jta.platform.internal.JtaPlatformInitiator [main] HHH000490: Using JtaPlatform implementation: [org.hibernate.engine.transaction.jta.platform.internal.NoJtaPlatform]
2021-04-10 11:02:06,606 INFO org.springframework.orm.jpa.AbstractEntityManagerFactoryBean [main] Initialized JPA EntityManagerFactory for persistence unit 'default'
2021-04-10 11:02:06,978 WARN org.springframework.boot.autoconfigure.orm.jpa.JpaBaseConfiguration$JpaWebConfiguration [main] spring.jpa.open-in-view is enabled by default. Therefore, database queries may be performed during view rendering. Explicitly configure spring.jpa.open-in-view to disable this warning
2021-04-10 11:02:07,037 INFO org.springframework.scheduling.concurrent.ExecutorConfigurationSupport [main] Initializing ExecutorService 'applicationTaskExecutor'
2021-04-10 11:02:07,124 INFO org.springframework.boot.autoconfigure.web.servlet.WelcomePageHandlerMapping [main] Adding welcome page template: index
2021-04-10 11:02:07,507 INFO org.apache.juli.logging.DirectJDKLog [main] Starting ProtocolHandler ["http-nio-8080"]
2021-04-10 11:02:07,527 INFO org.springframework.boot.web.embedded.tomcat.TomcatWebServer [main] Tomcat started on port(s): 8080 (http) with context path ''
2021-04-10 11:02:07,535 INFO org.springframework.boot.StartupInfoLogger [main] Started TownleagueApplication in 4.559 seconds (JVM running for 4.964)
2021-04-10 11:02:39,622 INFO org.apache.juli.logging.DirectJDKLog [http-nio-8080-exec-1] Initializing Spring DispatcherServlet 'dispatcherServlet'
2021-04-10 11:02:39,623 INFO org.springframework.web.servlet.FrameworkServlet [http-nio-8080-exec-1] Initializing Servlet 'dispatcherServlet'
2021-04-10 11:02:39,625 INFO org.springframework.web.servlet.FrameworkServlet [http-nio-8080-exec-1] Completed initialization in 1 ms
2021-04-10 11:02:39,660 INFO com.sanvalero.townleague.controller.TeamController [http-nio-8080-exec-1] init getTeams
2021-04-10 11:02:39,845 INFO com.sanvalero.townleague.controller.TeamController [http-nio-8080-exec-1] end getTeams
2021-04-10 11:10:43,791 INFO com.sanvalero.townleague.controller.TeamController [http-nio-8080-exec-4] init getTeams
2021-04-10 11:10:43,797 INFO com.sanvalero.townleague.controller.TeamController [http-nio-8080-exec-4] end getTeams
2021-04-10 11:12:47,857 INFO com.sanvalero.townleague.controller.TeamController [http-nio-8080-exec-3] init getTeams
2021-04-10 11:12:47,860 INFO com.sanvalero.townleague.controller.TeamController [http-nio-8080-exec-3] end getTeams
2021-04-10 12:38:31,352 INFO org.springframework.boot.StartupInfoLogger [main] Starting TownleagueApplication using Java 11.0.9.1 on DESKTOP-32C0MJJ with PID 17784 (C:\Users\aritz\IdeaProjects\townleague\target\classes started by aritz in C:\Users\aritz\IdeaProjects\townleague)
2021-04-10 12:38:31,356 INFO org.springframework.boot.SpringApplication [main] No active profile set, falling back to default profiles: default
2021-04-10 12:38:32,130 INFO org.springframework.data.repository.config.RepositoryConfigurationDelegate [main] Bootstrapping Spring Data JPA repositories in DEFAULT mode.
2021-04-10 12:38:32,203 INFO org.springframework.data.repository.config.RepositoryConfigurationDelegate [main] Finished Spring Data repository scanning in 64 ms. Found 6 JPA repository interfaces.
2021-04-10 12:38:33,036 INFO org.springframework.boot.web.embedded.tomcat.TomcatWebServer [main] Tomcat initialized with port(s): 8080 (http)
2021-04-10 12:38:33,051 INFO org.apache.juli.logging.DirectJDKLog [main] Initializing ProtocolHandler ["http-nio-8080"]
2021-04-10 12:38:33,052 INFO org.apache.juli.logging.DirectJDKLog [main] Starting service [Tomcat]
2021-04-10 12:38:33,053 INFO org.apache.juli.logging.DirectJDKLog [main] Starting Servlet engine: [Apache Tomcat/9.0.44]
2021-04-10 12:38:33,197 INFO org.apache.juli.logging.DirectJDKLog [main] Initializing Spring embedded WebApplicationContext
2021-04-10 12:38:33,197 INFO org.springframework.boot.web.servlet.context.ServletWebServerApplicationContext [main] Root WebApplicationContext: initialization completed in 1793 ms
2021-04-10 12:38:33,392 INFO org.hibernate.jpa.internal.util.LogHelper [main] HHH000204: Processing PersistenceUnitInfo [name: default]
2021-04-10 12:38:33,459 INFO org.hibernate.Version [main] HHH000412: Hibernate ORM core version 5.4.29.Final
2021-04-10 12:38:33,571 INFO org.hibernate.annotations.common.reflection.java.JavaReflectionManager [main] HCANN000001: Hibernate Commons Annotations {5.1.2.Final}
2021-04-10 12:38:33,671 INFO com.zaxxer.hikari.HikariDataSource [main] HikariPool-1 - Starting...
2021-04-10 12:38:33,838 INFO com.zaxxer.hikari.HikariDataSource [main] HikariPool-1 - Start completed.
2021-04-10 12:38:33,853 INFO org.hibernate.dialect.Dialect [main] HHH000400: Using dialect: org.hibernate.dialect.MySQL55Dialect
2021-04-10 12:38:34,621 INFO org.hibernate.engine.transaction.jta.platform.internal.JtaPlatformInitiator [main] HHH000490: Using JtaPlatform implementation: [org.hibernate.engine.transaction.jta.platform.internal.NoJtaPlatform]
2021-04-10 12:38:34,631 INFO org.springframework.orm.jpa.AbstractEntityManagerFactoryBean [main] Initialized JPA EntityManagerFactory for persistence unit 'default'
2021-04-10 12:38:35,096 WARN org.springframework.boot.autoconfigure.orm.jpa.JpaBaseConfiguration$JpaWebConfiguration [main] spring.jpa.open-in-view is enabled by default. Therefore, database queries may be performed during view rendering. Explicitly configure spring.jpa.open-in-view to disable this warning
2021-04-10 12:38:35,171 INFO org.springframework.scheduling.concurrent.ExecutorConfigurationSupport [main] Initializing ExecutorService 'applicationTaskExecutor'
2021-04-10 12:38:35,285 INFO org.springframework.boot.autoconfigure.web.servlet.WelcomePageHandlerMapping [main] Adding welcome page template: index
2021-04-10 12:38:35,714 INFO org.apache.juli.logging.DirectJDKLog [main] Starting ProtocolHandler ["http-nio-8080"]
2021-04-10 12:38:35,739 INFO org.springframework.boot.web.embedded.tomcat.TomcatWebServer [main] Tomcat started on port(s): 8080 (http) with context path ''
2021-04-10 12:38:35,751 INFO org.springframework.boot.StartupInfoLogger [main] Started TownleagueApplication in 4.947 seconds (JVM running for 5.451)
2021-04-10 12:38:49,006 INFO org.apache.juli.logging.DirectJDKLog [http-nio-8080-exec-1] Initializing Spring DispatcherServlet 'dispatcherServlet'
2021-04-10 12:38:49,010 INFO org.springframework.web.servlet.FrameworkServlet [http-nio-8080-exec-1] Initializing Servlet 'dispatcherServlet'
2021-04-10 12:38:49,012 INFO org.springframework.web.servlet.FrameworkServlet [http-nio-8080-exec-1] Completed initialization in 2 ms
2021-04-10 12:38:51,293 INFO org.springdoc.api.AbstractOpenApiResource [http-nio-8080-exec-8] Init duration for springdoc-openapi is: 1737 ms
2021-04-10 12:38:58,980 INFO com.sanvalero.townleague.appwebcontroller.MatchAppWebController [http-nio-8080-exec-9] init matches
2021-04-10 12:38:59,226 INFO com.sanvalero.townleague.appwebcontroller.MatchAppWebController [http-nio-8080-exec-9] end matches
2021-04-10 12:40:56,848 INFO org.springframework.boot.StartupInfoLogger [main] Starting TownleagueApplication using Java 11.0.9.1 on DESKTOP-32C0MJJ with PID 14800 (C:\Users\aritz\IdeaProjects\townleague\target\classes started by aritz in C:\Users\aritz\IdeaProjects\townleague)
2021-04-10 12:40:56,851 INFO org.springframework.boot.SpringApplication [main] No active profile set, falling back to default profiles: default
2021-04-10 12:40:57,494 INFO org.springframework.data.repository.config.RepositoryConfigurationDelegate [main] Bootstrapping Spring Data JPA repositories in DEFAULT mode.
2021-04-10 12:40:57,562 INFO org.springframework.data.repository.config.RepositoryConfigurationDelegate [main] Finished Spring Data repository scanning in 58 ms. Found 6 JPA repository interfaces.
2021-04-10 12:40:58,267 INFO org.springframework.boot.web.embedded.tomcat.TomcatWebServer [main] Tomcat initialized with port(s): 8080 (http)
2021-04-10 12:40:58,278 INFO org.apache.juli.logging.DirectJDKLog [main] Initializing ProtocolHandler ["http-nio-8080"]
2021-04-10 12:40:58,279 INFO org.apache.juli.logging.DirectJDKLog [main] Starting service [Tomcat]
2021-04-10 12:40:58,279 INFO org.apache.juli.logging.DirectJDKLog [main] Starting Servlet engine: [Apache Tomcat/9.0.44]
2021-04-10 12:40:58,492 INFO org.apache.juli.logging.DirectJDKLog [main] Initializing Spring embedded WebApplicationContext
2021-04-10 12:40:58,492 INFO org.springframework.boot.web.servlet.context.ServletWebServerApplicationContext [main] Root WebApplicationContext: initialization completed in 1598 ms
2021-04-10 12:40:58,661 INFO org.hibernate.jpa.internal.util.LogHelper [main] HHH000204: Processing PersistenceUnitInfo [name: default]
2021-04-10 12:40:58,719 INFO org.hibernate.Version [main] HHH000412: Hibernate ORM core version 5.4.29.Final
2021-04-10 12:40:58,823 INFO org.hibernate.annotations.common.reflection.java.JavaReflectionManager [main] HCANN000001: Hibernate Commons Annotations {5.1.2.Final}
2021-04-10 12:40:58,901 INFO com.zaxxer.hikari.HikariDataSource [main] HikariPool-1 - Starting...
2021-04-10 12:40:59,078 INFO com.zaxxer.hikari.HikariDataSource [main] HikariPool-1 - Start completed.
2021-04-10 12:40:59,102 INFO org.hibernate.dialect.Dialect [main] HHH000400: Using dialect: org.hibernate.dialect.MySQL55Dialect
2021-04-10 12:40:59,845 INFO org.hibernate.engine.transaction.jta.platform.internal.JtaPlatformInitiator [main] HHH000490: Using JtaPlatform implementation: [org.hibernate.engine.transaction.jta.platform.internal.NoJtaPlatform]
2021-04-10 12:40:59,853 INFO org.springframework.orm.jpa.AbstractEntityManagerFactoryBean [main] Initialized JPA EntityManagerFactory for persistence unit 'default'
2021-04-10 12:41:00,269 WARN org.springframework.boot.autoconfigure.orm.jpa.JpaBaseConfiguration$JpaWebConfiguration [main] spring.jpa.open-in-view is enabled by default. Therefore, database queries may be performed during view rendering. Explicitly configure spring.jpa.open-in-view to disable this warning
2021-04-10 12:41:00,323 INFO org.springframework.scheduling.concurrent.ExecutorConfigurationSupport [main] Initializing ExecutorService 'applicationTaskExecutor'
2021-04-10 12:41:00,409 INFO org.springframework.boot.autoconfigure.web.servlet.WelcomePageHandlerMapping [main] Adding welcome page template: index
2021-04-10 12:41:00,821 INFO org.apache.juli.logging.DirectJDKLog [main] Starting ProtocolHandler ["http-nio-8080"]
2021-04-10 12:41:00,841 INFO org.springframework.boot.web.embedded.tomcat.TomcatWebServer [main] Tomcat started on port(s): 8080 (http) with context path ''
2021-04-10 12:41:00,849 INFO org.springframework.boot.StartupInfoLogger [main] Started TownleagueApplication in 4.492 seconds (JVM running for 4.918)
2021-04-10 12:41:08,063 INFO org.apache.juli.logging.DirectJDKLog [http-nio-8080-exec-1] Initializing Spring DispatcherServlet 'dispatcherServlet'
2021-04-10 12:41:08,064 INFO org.springframework.web.servlet.FrameworkServlet [http-nio-8080-exec-1] Initializing Servlet 'dispatcherServlet'
2021-04-10 12:41:08,067 INFO org.springframework.web.servlet.FrameworkServlet [http-nio-8080-exec-1] Completed initialization in 2 ms
2021-04-10 12:41:08,119 INFO com.sanvalero.townleague.appwebcontroller.MatchAppWebController [http-nio-8080-exec-1] init matches
2021-04-10 12:41:08,361 INFO com.sanvalero.townleague.appwebcontroller.MatchAppWebController [http-nio-8080-exec-1] end matches
2021-04-10 12:41:27,544 INFO com.sanvalero.townleague.appwebcontroller.MatchAppWebController [http-nio-8080-exec-3] init deleteMatch
2021-04-10 12:41:27,607 INFO com.sanvalero.townleague.appwebcontroller.MatchAppWebController [http-nio-8080-exec-3] end deleteMatch
2021-04-10 12:41:27,623 INFO com.sanvalero.townleague.appwebcontroller.MatchAppWebController [http-nio-8080-exec-10] init matches
2021-04-10 12:41:27,625 INFO com.sanvalero.townleague.appwebcontroller.MatchAppWebController [http-nio-8080-exec-10] end matches
2021-04-10 12:42:16,398 INFO org.springframework.boot.StartupInfoLogger [main] Starting TownleagueApplication using Java 11.0.9.1 on DESKTOP-32C0MJJ with PID 484 (C:\Users\aritz\IdeaProjects\townleague\target\classes started by aritz in C:\Users\aritz\IdeaProjects\townleague)
2021-04-10 12:42:16,402 INFO org.springframework.boot.SpringApplication [main] No active profile set, falling back to default profiles: default
2021-04-10 12:42:17,170 INFO org.springframework.data.repository.config.RepositoryConfigurationDelegate [main] Bootstrapping Spring Data JPA repositories in DEFAULT mode.
2021-04-10 12:42:17,242 INFO org.springframework.data.repository.config.RepositoryConfigurationDelegate [main] Finished Spring Data repository scanning in 64 ms. Found 6 JPA repository interfaces.
2021-04-10 12:42:18,191 INFO org.springframework.boot.web.embedded.tomcat.TomcatWebServer [main] Tomcat initialized with port(s): 8080 (http)
2021-04-10 12:42:18,203 INFO org.apache.juli.logging.DirectJDKLog [main] Initializing ProtocolHandler ["http-nio-8080"]
2021-04-10 12:42:18,203 INFO org.apache.juli.logging.DirectJDKLog [main] Starting service [Tomcat]
2021-04-10 12:42:18,204 INFO org.apache.juli.logging.DirectJDKLog [main] Starting Servlet engine: [Apache Tomcat/9.0.44]
2021-04-10 12:42:18,322 INFO org.apache.juli.logging.DirectJDKLog [main] Initializing Spring embedded WebApplicationContext
2021-04-10 12:42:18,322 INFO org.springframework.boot.web.servlet.context.ServletWebServerApplicationContext [main] Root WebApplicationContext: initialization completed in 1874 ms
2021-04-10 12:42:18,511 INFO org.hibernate.jpa.internal.util.LogHelper [main] HHH000204: Processing PersistenceUnitInfo [name: default]
2021-04-10 12:42:18,574 INFO org.hibernate.Version [main] HHH000412: Hibernate ORM core version 5.4.29.Final
2021-04-10 12:42:18,692 INFO org.hibernate.annotations.common.reflection.java.JavaReflectionManager [main] HCANN000001: Hibernate Commons Annotations {5.1.2.Final}
2021-04-10 12:42:18,786 INFO com.zaxxer.hikari.HikariDataSource [main] HikariPool-1 - Starting...
2021-04-10 12:42:19,011 INFO com.zaxxer.hikari.HikariDataSource [main] HikariPool-1 - Start completed.
2021-04-10 12:42:19,050 INFO org.hibernate.dialect.Dialect [main] HHH000400: Using dialect: org.hibernate.dialect.MySQL55Dialect
2021-04-10 12:42:20,451 INFO org.hibernate.engine.transaction.jta.platform.internal.JtaPlatformInitiator [main] HHH000490: Using JtaPlatform implementation: [org.hibernate.engine.transaction.jta.platform.internal.NoJtaPlatform]
2021-04-10 12:42:20,465 INFO org.springframework.orm.jpa.AbstractEntityManagerFactoryBean [main] Initialized JPA EntityManagerFactory for persistence unit 'default'
2021-04-10 12:42:21,330 WARN org.springframework.boot.autoconfigure.orm.jpa.JpaBaseConfiguration$JpaWebConfiguration [main] spring.jpa.open-in-view is enabled by default. Therefore, database queries may be performed during view rendering. Explicitly configure spring.jpa.open-in-view to disable this warning
2021-04-10 12:42:21,443 INFO org.springframework.scheduling.concurrent.ExecutorConfigurationSupport [main] Initializing ExecutorService 'applicationTaskExecutor'
2021-04-10 12:42:21,624 INFO org.springframework.boot.autoconfigure.web.servlet.WelcomePageHandlerMapping [main] Adding welcome page template: index
2021-04-10 12:42:22,390 INFO org.apache.juli.logging.DirectJDKLog [main] Starting ProtocolHandler ["http-nio-8080"]
2021-04-10 12:42:22,431 INFO org.springframework.boot.web.embedded.tomcat.TomcatWebServer [main] Tomcat started on port(s): 8080 (http) with context path ''
2021-04-10 12:42:22,448 INFO org.springframework.boot.StartupInfoLogger [main] Started TownleagueApplication in 6.598 seconds (JVM running for 7.067)
2021-04-10 12:42:25,046 INFO org.apache.juli.logging.DirectJDKLog [http-nio-8080-exec-1] Initializing Spring DispatcherServlet 'dispatcherServlet'
2021-04-10 12:42:25,048 INFO org.springframework.web.servlet.FrameworkServlet [http-nio-8080-exec-1] Initializing Servlet 'dispatcherServlet'
2021-04-10 12:42:25,051 INFO org.springframework.web.servlet.FrameworkServlet [http-nio-8080-exec-1] Completed initialization in 3 ms
2021-04-10 12:42:25,097 INFO com.sanvalero.townleague.appwebcontroller.StadiumAppWebController [http-nio-8080-exec-1] init showStadiums
2021-04-10 12:42:25,334 INFO com.sanvalero.townleague.appwebcontroller.StadiumAppWebController [http-nio-8080-exec-1] end showStadiums
2021-04-10 12:42:34,727 INFO com.sanvalero.townleague.appwebcontroller.MatchAppWebController [http-nio-8080-exec-5] init matches
2021-04-10 12:42:34,738 INFO com.sanvalero.townleague.appwebcontroller.MatchAppWebController [http-nio-8080-exec-5] end matches
2021-04-10 12:42:48,740 INFO com.sanvalero.townleague.appwebcontroller.StadiumAppWebController [http-nio-8080-exec-8] init showStadiums
2021-04-10 12:42:48,743 INFO com.sanvalero.townleague.appwebcontroller.StadiumAppWebController [http-nio-8080-exec-8] end showStadiums
2021-04-10 12:42:50,961 INFO com.sanvalero.townleague.appwebcontroller.MatchAppWebController [http-nio-8080-exec-10] init matches
2021-04-10 12:42:50,968 INFO com.sanvalero.townleague.appwebcontroller.MatchAppWebController [http-nio-8080-exec-10] end matches
2021-04-10 12:42:52,115 INFO com.sanvalero.townleague.appwebcontroller.RefereeAppWebController [http-nio-8080-exec-2] init showReferees
2021-04-10 12:42:52,127 INFO com.sanvalero.townleague.appwebcontroller.RefereeAppWebController [http-nio-8080-exec-2] end showReferees
2021-04-10 12:42:53,928 INFO com.sanvalero.townleague.appwebcontroller.MatchAppWebController [http-nio-8080-exec-3] init matches
2021-04-10 12:42:53,934 INFO com.sanvalero.townleague.appwebcontroller.MatchAppWebController [http-nio-8080-exec-3] end matches
2021-04-10 13:27:52,455 INFO org.springframework.boot.StartupInfoLogger [main] Starting TownleagueApplication using Java 11.0.9.1 on DESKTOP-32C0MJJ with PID 2856 (C:\Users\aritz\IdeaProjects\townleague\target\classes started by aritz in C:\Users\aritz\IdeaProjects\townleague)
2021-04-10 13:27:52,460 INFO org.springframework.boot.SpringApplication [main] No active profile set, falling back to default profiles: default
2021-04-10 13:27:53,224 INFO org.springframework.data.repository.config.RepositoryConfigurationDelegate [main] Bootstrapping Spring Data JPA repositories in DEFAULT mode.
2021-04-10 13:27:53,297 INFO org.springframework.data.repository.config.RepositoryConfigurationDelegate [main] Finished Spring Data repository scanning in 63 ms. Found 6 JPA repository interfaces.
2021-04-10 13:27:54,190 INFO org.springframework.boot.web.embedded.tomcat.TomcatWebServer [main] Tomcat initialized with port(s): 8080 (http)
2021-04-10 13:27:54,209 INFO org.apache.juli.logging.DirectJDKLog [main] Initializing ProtocolHandler ["http-nio-8080"]
2021-04-10 13:27:54,209 INFO org.apache.juli.logging.DirectJDKLog [main] Starting service [Tomcat]
2021-04-10 13:27:54,210 INFO org.apache.juli.logging.DirectJDKLog [main] Starting Servlet engine: [Apache Tomcat/9.0.44]
2021-04-10 13:27:54,350 INFO org.apache.juli.logging.DirectJDKLog [main] Initializing Spring embedded WebApplicationContext
2021-04-10 13:27:54,350 INFO org.springframework.boot.web.servlet.context.ServletWebServerApplicationContext [main] Root WebApplicationContext: initialization completed in 1840 ms
2021-04-10 13:27:54,560 INFO org.hibernate.jpa.internal.util.LogHelper [main] HHH000204: Processing PersistenceUnitInfo [name: default]
2021-04-10 13:27:54,627 INFO org.hibernate.Version [main] HHH000412: Hibernate ORM core version 5.4.29.Final
2021-04-10 13:27:54,736 INFO org.hibernate.annotations.common.reflection.java.JavaReflectionManager [main] HCANN000001: Hibernate Commons Annotations {5.1.2.Final}
2021-04-10 13:27:54,836 INFO com.zaxxer.hikari.HikariDataSource [main] HikariPool-1 - Starting...
2021-04-10 13:27:55,036 INFO com.zaxxer.hikari.HikariDataSource [main] HikariPool-1 - Start completed.
2021-04-10 13:27:55,060 INFO org.hibernate.dialect.Dialect [main] HHH000400: Using dialect: org.hibernate.dialect.MySQL55Dialect
2021-04-10 13:27:55,836 INFO org.hibernate.engine.transaction.jta.platform.internal.JtaPlatformInitiator [main] HHH000490: Using JtaPlatform implementation: [org.hibernate.engine.transaction.jta.platform.internal.NoJtaPlatform]
2021-04-10 13:27:55,838 INFO org.springframework.orm.jpa.AbstractEntityManagerFactoryBean [main] Initialized JPA EntityManagerFactory for persistence unit 'default'
2021-04-10 13:27:56,319 WARN org.springframework.boot.autoconfigure.orm.jpa.JpaBaseConfiguration$JpaWebConfiguration [main] spring.jpa.open-in-view is enabled by default. Therefore, database queries may be performed during view rendering. Explicitly configure spring.jpa.open-in-view to disable this warning
2021-04-10 13:27:56,388 INFO org.springframework.scheduling.concurrent.ExecutorConfigurationSupport [main] Initializing ExecutorService 'applicationTaskExecutor'
2021-04-10 13:27:56,500 INFO org.springframework.boot.autoconfigure.web.servlet.WelcomePageHandlerMapping [main] Adding welcome page template: index
2021-04-10 13:27:56,927 INFO org.apache.juli.logging.DirectJDKLog [main] Starting ProtocolHandler ["http-nio-8080"]
2021-04-10 13:27:56,947 INFO org.springframework.boot.web.embedded.tomcat.TomcatWebServer [main] Tomcat started on port(s): 8080 (http) with context path ''
2021-04-10 13:27:56,957 INFO org.springframework.boot.StartupInfoLogger [main] Started TownleagueApplication in 5.035 seconds (JVM running for 5.49)
2021-04-10 13:28:28,693 INFO org.apache.juli.logging.DirectJDKLog [http-nio-8080-exec-3] Initializing Spring DispatcherServlet 'dispatcherServlet'
2021-04-10 13:28:28,695 INFO org.springframework.web.servlet.FrameworkServlet [http-nio-8080-exec-3] Initializing Servlet 'dispatcherServlet'
2021-04-10 13:28:28,697 INFO org.springframework.web.servlet.FrameworkServlet [http-nio-8080-exec-3] Completed initialization in 2 ms
2021-04-10 13:28:28,921 INFO com.sanvalero.townleague.controller.TeamController [http-nio-8080-exec-3] init addTeam
2021-04-10 13:28:29,176 INFO com.sanvalero.townleague.controller.TeamController [http-nio-8080-exec-3] end addTeam
2021-04-10 13:35:48,145 INFO com.sanvalero.townleague.controller.MatchController [http-nio-8080-exec-8] init addMatch
2021-04-10 13:35:48,145 INFO com.sanvalero.townleague.service.MatchServicelmpl [http-nio-8080-exec-8] init addMatch
2021-04-10 13:35:48,211 ERROR org.apache.juli.logging.DirectJDKLog [http-nio-8080-exec-8] Servlet.service() for servlet [dispatcherServlet] in context with path [] threw exception [Request processing failed; nested exception is com.sanvalero.townleague.exception.MatchMandatoryFieldsException: Todos los campos son obligatorios] with root cause
com.sanvalero.townleague.exception.MatchMandatoryFieldsException: Todos los campos son obligatorios
	at com.sanvalero.townleague.service.MatchServicelmpl.addMatch(MatchServicelmpl.java:71)
	at com.sanvalero.townleague.controller.MatchController.addMatch(MatchController.java:71)
	at java.base/jdk.internal.reflect.NativeMethodAccessorImpl.invoke0(Native Method)
	at java.base/jdk.internal.reflect.NativeMethodAccessorImpl.invoke(NativeMethodAccessorImpl.java:62)
	at java.base/jdk.internal.reflect.DelegatingMethodAccessorImpl.invoke(DelegatingMethodAccessorImpl.java:43)
	at java.base/java.lang.reflect.Method.invoke(Method.java:566)
	at org.springframework.web.method.support.InvocableHandlerMethod.doInvoke(InvocableHandlerMethod.java:197)
	at org.springframework.web.method.support.InvocableHandlerMethod.invokeForRequest(InvocableHandlerMethod.java:141)
	at org.springframework.web.servlet.mvc.method.annotation.ServletInvocableHandlerMethod.invokeAndHandle(ServletInvocableHandlerMethod.java:106)
	at org.springframework.web.servlet.mvc.method.annotation.RequestMappingHandlerAdapter.invokeHandlerMethod(RequestMappingHandlerAdapter.java:894)
	at org.springframework.web.servlet.mvc.method.annotation.RequestMappingHandlerAdapter.handleInternal(RequestMappingHandlerAdapter.java:808)
	at org.springframework.web.servlet.mvc.method.AbstractHandlerMethodAdapter.handle(AbstractHandlerMethodAdapter.java:87)
	at org.springframework.web.servlet.DispatcherServlet.doDispatch(DispatcherServlet.java:1060)
	at org.springframework.web.servlet.DispatcherServlet.doService(DispatcherServlet.java:962)
	at org.springframework.web.servlet.FrameworkServlet.processRequest(FrameworkServlet.java:1006)
	at org.springframework.web.servlet.FrameworkServlet.doPost(FrameworkServlet.java:909)
	at javax.servlet.http.HttpServlet.service(HttpServlet.java:652)
	at org.springframework.web.servlet.FrameworkServlet.service(FrameworkServlet.java:883)
	at javax.servlet.http.HttpServlet.service(HttpServlet.java:733)
	at org.apache.catalina.core.ApplicationFilterChain.internalDoFilter(ApplicationFilterChain.java:227)
	at org.apache.catalina.core.ApplicationFilterChain.doFilter(ApplicationFilterChain.java:162)
	at org.apache.tomcat.websocket.server.WsFilter.doFilter(WsFilter.java:53)
	at org.apache.catalina.core.ApplicationFilterChain.internalDoFilter(ApplicationFilterChain.java:189)
	at org.apache.catalina.core.ApplicationFilterChain.doFilter(ApplicationFilterChain.java:162)
	at org.springframework.web.servlet.resource.ResourceUrlEncodingFilter.doFilter(ResourceUrlEncodingFilter.java:67)
	at org.apache.catalina.core.ApplicationFilterChain.internalDoFilter(ApplicationFilterChain.java:189)
	at org.apache.catalina.core.ApplicationFilterChain.doFilter(ApplicationFilterChain.java:162)
	at org.springframework.web.filter.RequestContextFilter.doFilterInternal(RequestContextFilter.java:100)
	at org.springframework.web.filter.OncePerRequestFilter.doFilter(OncePerRequestFilter.java:119)
	at org.apache.catalina.core.ApplicationFilterChain.internalDoFilter(ApplicationFilterChain.java:189)
	at org.apache.catalina.core.ApplicationFilterChain.doFilter(ApplicationFilterChain.java:162)
	at org.springframework.web.filter.FormContentFilter.doFilterInternal(FormContentFilter.java:93)
	at org.springframework.web.filter.OncePerRequestFilter.doFilter(OncePerRequestFilter.java:119)
	at org.apache.catalina.core.ApplicationFilterChain.internalDoFilter(ApplicationFilterChain.java:189)
	at org.apache.catalina.core.ApplicationFilterChain.doFilter(ApplicationFilterChain.java:162)
	at org.springframework.web.filter.CharacterEncodingFilter.doFilterInternal(CharacterEncodingFilter.java:201)
	at org.springframework.web.filter.OncePerRequestFilter.doFilter(OncePerRequestFilter.java:119)
	at org.apache.catalina.core.ApplicationFilterChain.internalDoFilter(ApplicationFilterChain.java:189)
	at org.apache.catalina.core.ApplicationFilterChain.doFilter(ApplicationFilterChain.java:162)
	at org.apache.catalina.core.StandardWrapperValve.invoke(StandardWrapperValve.java:202)
	at org.apache.catalina.core.StandardContextValve.invoke(StandardContextValve.java:97)
	at org.apache.catalina.authenticator.AuthenticatorBase.invoke(AuthenticatorBase.java:542)
	at org.apache.catalina.core.StandardHostValve.invoke(StandardHostValve.java:143)
	at org.apache.catalina.valves.ErrorReportValve.invoke(ErrorReportValve.java:92)
	at org.apache.catalina.core.StandardEngineValve.invoke(StandardEngineValve.java:78)
	at org.apache.catalina.connector.CoyoteAdapter.service(CoyoteAdapter.java:357)
	at org.apache.coyote.http11.Http11Processor.service(Http11Processor.java:374)
	at org.apache.coyote.AbstractProcessorLight.process(AbstractProcessorLight.java:65)
	at org.apache.coyote.AbstractProtocol$ConnectionHandler.process(AbstractProtocol.java:893)
	at org.apache.tomcat.util.net.NioEndpoint$SocketProcessor.doRun(NioEndpoint.java:1707)
	at org.apache.tomcat.util.net.SocketProcessorBase.run(SocketProcessorBase.java:49)
	at java.base/java.util.concurrent.ThreadPoolExecutor.runWorker(ThreadPoolExecutor.java:1128)
	at java.base/java.util.concurrent.ThreadPoolExecutor$Worker.run(ThreadPoolExecutor.java:628)
	at org.apache.tomcat.util.threads.TaskThread$WrappingRunnable.run(TaskThread.java:61)
	at java.base/java.lang.Thread.run(Thread.java:834)
2021-04-10 13:37:19,147 INFO com.sanvalero.townleague.controller.MatchController [http-nio-8080-exec-7] init addMatch
2021-04-10 13:37:19,148 INFO com.sanvalero.townleague.service.MatchServicelmpl [http-nio-8080-exec-7] init addMatch
2021-04-10 13:37:19,149 ERROR org.apache.juli.logging.DirectJDKLog [http-nio-8080-exec-7] Servlet.service() for servlet [dispatcherServlet] in context with path [] threw exception [Request processing failed; nested exception is com.sanvalero.townleague.exception.MatchMandatoryFieldsException: Todos los campos son obligatorios] with root cause
com.sanvalero.townleague.exception.MatchMandatoryFieldsException: Todos los campos son obligatorios
	at com.sanvalero.townleague.service.MatchServicelmpl.addMatch(MatchServicelmpl.java:71)
	at com.sanvalero.townleague.controller.MatchController.addMatch(MatchController.java:71)
	at java.base/jdk.internal.reflect.NativeMethodAccessorImpl.invoke0(Native Method)
	at java.base/jdk.internal.reflect.NativeMethodAccessorImpl.invoke(NativeMethodAccessorImpl.java:62)
	at java.base/jdk.internal.reflect.DelegatingMethodAccessorImpl.invoke(DelegatingMethodAccessorImpl.java:43)
	at java.base/java.lang.reflect.Method.invoke(Method.java:566)
	at org.springframework.web.method.support.InvocableHandlerMethod.doInvoke(InvocableHandlerMethod.java:197)
	at org.springframework.web.method.support.InvocableHandlerMethod.invokeForRequest(InvocableHandlerMethod.java:141)
	at org.springframework.web.servlet.mvc.method.annotation.ServletInvocableHandlerMethod.invokeAndHandle(ServletInvocableHandlerMethod.java:106)
	at org.springframework.web.servlet.mvc.method.annotation.RequestMappingHandlerAdapter.invokeHandlerMethod(RequestMappingHandlerAdapter.java:894)
	at org.springframework.web.servlet.mvc.method.annotation.RequestMappingHandlerAdapter.handleInternal(RequestMappingHandlerAdapter.java:808)
	at org.springframework.web.servlet.mvc.method.AbstractHandlerMethodAdapter.handle(AbstractHandlerMethodAdapter.java:87)
	at org.springframework.web.servlet.DispatcherServlet.doDispatch(DispatcherServlet.java:1060)
	at org.springframework.web.servlet.DispatcherServlet.doService(DispatcherServlet.java:962)
	at org.springframework.web.servlet.FrameworkServlet.processRequest(FrameworkServlet.java:1006)
	at org.springframework.web.servlet.FrameworkServlet.doPost(FrameworkServlet.java:909)
	at javax.servlet.http.HttpServlet.service(HttpServlet.java:652)
	at org.springframework.web.servlet.FrameworkServlet.service(FrameworkServlet.java:883)
	at javax.servlet.http.HttpServlet.service(HttpServlet.java:733)
	at org.apache.catalina.core.ApplicationFilterChain.internalDoFilter(ApplicationFilterChain.java:227)
	at org.apache.catalina.core.ApplicationFilterChain.doFilter(ApplicationFilterChain.java:162)
	at org.apache.tomcat.websocket.server.WsFilter.doFilter(WsFilter.java:53)
	at org.apache.catalina.core.ApplicationFilterChain.internalDoFilter(ApplicationFilterChain.java:189)
	at org.apache.catalina.core.ApplicationFilterChain.doFilter(ApplicationFilterChain.java:162)
	at org.springframework.web.servlet.resource.ResourceUrlEncodingFilter.doFilter(ResourceUrlEncodingFilter.java:67)
	at org.apache.catalina.core.ApplicationFilterChain.internalDoFilter(ApplicationFilterChain.java:189)
	at org.apache.catalina.core.ApplicationFilterChain.doFilter(ApplicationFilterChain.java:162)
	at org.springframework.web.filter.RequestContextFilter.doFilterInternal(RequestContextFilter.java:100)
	at org.springframework.web.filter.OncePerRequestFilter.doFilter(OncePerRequestFilter.java:119)
	at org.apache.catalina.core.ApplicationFilterChain.internalDoFilter(ApplicationFilterChain.java:189)
	at org.apache.catalina.core.ApplicationFilterChain.doFilter(ApplicationFilterChain.java:162)
	at org.springframework.web.filter.FormContentFilter.doFilterInternal(FormContentFilter.java:93)
	at org.springframework.web.filter.OncePerRequestFilter.doFilter(OncePerRequestFilter.java:119)
	at org.apache.catalina.core.ApplicationFilterChain.internalDoFilter(ApplicationFilterChain.java:189)
	at org.apache.catalina.core.ApplicationFilterChain.doFilter(ApplicationFilterChain.java:162)
	at org.springframework.web.filter.CharacterEncodingFilter.doFilterInternal(CharacterEncodingFilter.java:201)
	at org.springframework.web.filter.OncePerRequestFilter.doFilter(OncePerRequestFilter.java:119)
	at org.apache.catalina.core.ApplicationFilterChain.internalDoFilter(ApplicationFilterChain.java:189)
	at org.apache.catalina.core.ApplicationFilterChain.doFilter(ApplicationFilterChain.java:162)
	at org.apache.catalina.core.StandardWrapperValve.invoke(StandardWrapperValve.java:202)
	at org.apache.catalina.core.StandardContextValve.invoke(StandardContextValve.java:97)
	at org.apache.catalina.authenticator.AuthenticatorBase.invoke(AuthenticatorBase.java:542)
	at org.apache.catalina.core.StandardHostValve.invoke(StandardHostValve.java:143)
	at org.apache.catalina.valves.ErrorReportValve.invoke(ErrorReportValve.java:92)
	at org.apache.catalina.core.StandardEngineValve.invoke(StandardEngineValve.java:78)
	at org.apache.catalina.connector.CoyoteAdapter.service(CoyoteAdapter.java:357)
	at org.apache.coyote.http11.Http11Processor.service(Http11Processor.java:374)
	at org.apache.coyote.AbstractProcessorLight.process(AbstractProcessorLight.java:65)
	at org.apache.coyote.AbstractProtocol$ConnectionHandler.process(AbstractProtocol.java:893)
	at org.apache.tomcat.util.net.NioEndpoint$SocketProcessor.doRun(NioEndpoint.java:1707)
	at org.apache.tomcat.util.net.SocketProcessorBase.run(SocketProcessorBase.java:49)
	at java.base/java.util.concurrent.ThreadPoolExecutor.runWorker(ThreadPoolExecutor.java:1128)
	at java.base/java.util.concurrent.ThreadPoolExecutor$Worker.run(ThreadPoolExecutor.java:628)
	at org.apache.tomcat.util.threads.TaskThread$WrappingRunnable.run(TaskThread.java:61)
	at java.base/java.lang.Thread.run(Thread.java:834)
2021-04-10 13:38:03,506 WARN org.springframework.web.servlet.handler.AbstractHandlerExceptionResolver [http-nio-8080-exec-9] Resolved [org.springframework.http.converter.HttpMessageNotReadableException: JSON parse error: Cannot deserialize value of type `java.time.LocalDate` from String "10/04/2021": Failed to deserialize java.time.LocalDate: (java.time.format.DateTimeParseException) Text '10/04/2021' could not be parsed at index 0; nested exception is com.fasterxml.jackson.databind.exc.InvalidFormatException: Cannot deserialize value of type `java.time.LocalDate` from String "10/04/2021": Failed to deserialize java.time.LocalDate: (java.time.format.DateTimeParseException) Text '10/04/2021' could not be parsed at index 0
 at [Source: (PushbackInputStream); line: 7, column: 17] (through reference chain: com.sanvalero.townleague.domain.dto.MatchDTO["matchDate"])]
2021-04-10 13:39:47,064 INFO org.springframework.boot.StartupInfoLogger [main] Starting TownleagueApplication using Java 11.0.9.1 on DESKTOP-32C0MJJ with PID 11464 (C:\Users\aritz\IdeaProjects\townleague\target\classes started by aritz in C:\Users\aritz\IdeaProjects\townleague)
2021-04-10 13:39:47,068 INFO org.springframework.boot.SpringApplication [main] No active profile set, falling back to default profiles: default
2021-04-10 13:39:47,817 INFO org.springframework.data.repository.config.RepositoryConfigurationDelegate [main] Bootstrapping Spring Data JPA repositories in DEFAULT mode.
2021-04-10 13:39:47,893 INFO org.springframework.data.repository.config.RepositoryConfigurationDelegate [main] Finished Spring Data repository scanning in 66 ms. Found 6 JPA repository interfaces.
2021-04-10 13:39:48,834 INFO org.springframework.boot.web.embedded.tomcat.TomcatWebServer [main] Tomcat initialized with port(s): 8080 (http)
2021-04-10 13:39:48,844 INFO org.apache.juli.logging.DirectJDKLog [main] Initializing ProtocolHandler ["http-nio-8080"]
2021-04-10 13:39:48,849 INFO org.apache.juli.logging.DirectJDKLog [main] Starting service [Tomcat]
2021-04-10 13:39:48,849 INFO org.apache.juli.logging.DirectJDKLog [main] Starting Servlet engine: [Apache Tomcat/9.0.44]
2021-04-10 13:39:49,032 INFO org.apache.juli.logging.DirectJDKLog [main] Initializing Spring embedded WebApplicationContext
2021-04-10 13:39:49,040 INFO org.springframework.boot.web.servlet.context.ServletWebServerApplicationContext [main] Root WebApplicationContext: initialization completed in 1926 ms
2021-04-10 13:39:49,213 INFO org.hibernate.jpa.internal.util.LogHelper [main] HHH000204: Processing PersistenceUnitInfo [name: default]
2021-04-10 13:39:49,281 INFO org.hibernate.Version [main] HHH000412: Hibernate ORM core version 5.4.29.Final
2021-04-10 13:39:49,393 INFO org.hibernate.annotations.common.reflection.java.JavaReflectionManager [main] HCANN000001: Hibernate Commons Annotations {5.1.2.Final}
2021-04-10 13:39:49,484 INFO com.zaxxer.hikari.HikariDataSource [main] HikariPool-1 - Starting...
2021-04-10 13:39:49,697 INFO com.zaxxer.hikari.HikariDataSource [main] HikariPool-1 - Start completed.
2021-04-10 13:39:49,722 INFO org.hibernate.dialect.Dialect [main] HHH000400: Using dialect: org.hibernate.dialect.MySQL55Dialect
2021-04-10 13:39:50,571 INFO org.hibernate.engine.transaction.jta.platform.internal.JtaPlatformInitiator [main] HHH000490: Using JtaPlatform implementation: [org.hibernate.engine.transaction.jta.platform.internal.NoJtaPlatform]
2021-04-10 13:39:50,580 INFO org.springframework.orm.jpa.AbstractEntityManagerFactoryBean [main] Initialized JPA EntityManagerFactory for persistence unit 'default'
2021-04-10 13:39:51,047 WARN org.springframework.boot.autoconfigure.orm.jpa.JpaBaseConfiguration$JpaWebConfiguration [main] spring.jpa.open-in-view is enabled by default. Therefore, database queries may be performed during view rendering. Explicitly configure spring.jpa.open-in-view to disable this warning
2021-04-10 13:39:51,115 INFO org.springframework.scheduling.concurrent.ExecutorConfigurationSupport [main] Initializing ExecutorService 'applicationTaskExecutor'
2021-04-10 13:39:51,217 INFO org.springframework.boot.autoconfigure.web.servlet.WelcomePageHandlerMapping [main] Adding welcome page template: index
2021-04-10 13:39:51,638 INFO org.apache.juli.logging.DirectJDKLog [main] Starting ProtocolHandler ["http-nio-8080"]
2021-04-10 13:39:51,658 INFO org.springframework.boot.web.embedded.tomcat.TomcatWebServer [main] Tomcat started on port(s): 8080 (http) with context path ''
2021-04-10 13:39:51,665 INFO org.springframework.boot.StartupInfoLogger [main] Started TownleagueApplication in 5.135 seconds (JVM running for 5.635)
2021-04-10 13:40:00,713 INFO org.apache.juli.logging.DirectJDKLog [http-nio-8080-exec-2] Initializing Spring DispatcherServlet 'dispatcherServlet'
2021-04-10 13:40:00,714 INFO org.springframework.web.servlet.FrameworkServlet [http-nio-8080-exec-2] Initializing Servlet 'dispatcherServlet'
2021-04-10 13:40:00,716 INFO org.springframework.web.servlet.FrameworkServlet [http-nio-8080-exec-2] Completed initialization in 1 ms
2021-04-10 13:40:00,805 INFO com.sanvalero.townleague.controller.MatchController [http-nio-8080-exec-2] init addMatch
2021-04-10 13:40:00,806 INFO com.sanvalero.townleague.service.MatchServicelmpl [http-nio-8080-exec-2] init addMatch
2021-04-10 13:40:01,007 INFO com.sanvalero.townleague.service.MatchServicelmpl [http-nio-8080-exec-2] Stadium and Referee checked
2021-04-10 13:40:01,056 INFO com.sanvalero.townleague.service.MatchServicelmpl [http-nio-8080-exec-2] Teams checked
2021-04-10 13:40:01,067 INFO com.sanvalero.townleague.service.MatchServicelmpl [http-nio-8080-exec-2] end addMatch
2021-04-10 13:40:01,079 INFO com.sanvalero.townleague.controller.MatchController [http-nio-8080-exec-2] end addMatch
2021-04-10 15:42:25,929 INFO org.springframework.boot.StartupInfoLogger [main] Starting TownleagueApplication using Java 11.0.9.1 on DESKTOP-32C0MJJ with PID 7704 (C:\Users\aritz\IdeaProjects\townleague\target\classes started by aritz in C:\Users\aritz\IdeaProjects\townleague)
2021-04-10 15:42:25,932 INFO org.springframework.boot.SpringApplication [main] No active profile set, falling back to default profiles: default
2021-04-10 15:42:26,447 INFO org.springframework.data.repository.config.RepositoryConfigurationDelegate [main] Bootstrapping Spring Data JPA repositories in DEFAULT mode.
2021-04-10 15:42:26,497 INFO org.springframework.data.repository.config.RepositoryConfigurationDelegate [main] Finished Spring Data repository scanning in 45 ms. Found 6 JPA repository interfaces.
2021-04-10 15:42:27,017 INFO org.springframework.boot.web.embedded.tomcat.TomcatWebServer [main] Tomcat initialized with port(s): 8080 (http)
2021-04-10 15:42:27,027 INFO org.apache.juli.logging.DirectJDKLog [main] Initializing ProtocolHandler ["http-nio-8080"]
2021-04-10 15:42:27,027 INFO org.apache.juli.logging.DirectJDKLog [main] Starting service [Tomcat]
2021-04-10 15:42:27,027 INFO org.apache.juli.logging.DirectJDKLog [main] Starting Servlet engine: [Apache Tomcat/9.0.44]
2021-04-10 15:42:27,117 INFO org.apache.juli.logging.DirectJDKLog [main] Initializing Spring embedded WebApplicationContext
2021-04-10 15:42:27,117 INFO org.springframework.boot.web.servlet.context.ServletWebServerApplicationContext [main] Root WebApplicationContext: initialization completed in 1150 ms
2021-04-10 15:42:27,257 INFO org.hibernate.jpa.internal.util.LogHelper [main] HHH000204: Processing PersistenceUnitInfo [name: default]
2021-04-10 15:42:27,297 INFO org.hibernate.Version [main] HHH000412: Hibernate ORM core version 5.4.29.Final
2021-04-10 15:42:27,377 INFO org.hibernate.annotations.common.reflection.java.JavaReflectionManager [main] HCANN000001: Hibernate Commons Annotations {5.1.2.Final}
2021-04-10 15:42:27,447 INFO com.zaxxer.hikari.HikariDataSource [main] HikariPool-1 - Starting...
2021-04-10 15:42:27,567 INFO com.zaxxer.hikari.HikariDataSource [main] HikariPool-1 - Start completed.
2021-04-10 15:42:27,577 INFO org.hibernate.dialect.Dialect [main] HHH000400: Using dialect: org.hibernate.dialect.MySQL55Dialect
2021-04-10 15:42:28,087 INFO org.hibernate.engine.transaction.jta.platform.internal.JtaPlatformInitiator [main] HHH000490: Using JtaPlatform implementation: [org.hibernate.engine.transaction.jta.platform.internal.NoJtaPlatform]
2021-04-10 15:42:28,097 INFO org.springframework.orm.jpa.AbstractEntityManagerFactoryBean [main] Initialized JPA EntityManagerFactory for persistence unit 'default'
2021-04-10 15:42:28,417 WARN org.springframework.boot.autoconfigure.orm.jpa.JpaBaseConfiguration$JpaWebConfiguration [main] spring.jpa.open-in-view is enabled by default. Therefore, database queries may be performed during view rendering. Explicitly configure spring.jpa.open-in-view to disable this warning
2021-04-10 15:42:28,467 INFO org.springframework.scheduling.concurrent.ExecutorConfigurationSupport [main] Initializing ExecutorService 'applicationTaskExecutor'
2021-04-10 15:42:28,537 INFO org.springframework.boot.autoconfigure.web.servlet.WelcomePageHandlerMapping [main] Adding welcome page template: index
2021-04-10 15:42:28,846 INFO org.apache.juli.logging.DirectJDKLog [main] Starting ProtocolHandler ["http-nio-8080"]
2021-04-10 15:42:28,867 INFO org.springframework.boot.web.embedded.tomcat.TomcatWebServer [main] Tomcat started on port(s): 8080 (http) with context path ''
2021-04-10 15:42:28,872 INFO org.springframework.boot.StartupInfoLogger [main] Started TownleagueApplication in 3.31 seconds (JVM running for 3.628)
2021-04-10 15:45:00,017 INFO org.apache.juli.logging.DirectJDKLog [http-nio-8080-exec-1] Initializing Spring DispatcherServlet 'dispatcherServlet'
2021-04-10 15:45:00,017 INFO org.springframework.web.servlet.FrameworkServlet [http-nio-8080-exec-1] Initializing Servlet 'dispatcherServlet'
2021-04-10 15:45:00,017 INFO org.springframework.web.servlet.FrameworkServlet [http-nio-8080-exec-1] Completed initialization in 0 ms
2021-04-10 15:45:00,048 INFO com.sanvalero.townleague.appwebcontroller.MatchAppWebController [http-nio-8080-exec-1] init matches
2021-04-10 15:45:00,148 INFO com.sanvalero.townleague.appwebcontroller.MatchAppWebController [http-nio-8080-exec-1] end matches
2021-04-10 15:45:17,608 INFO com.sanvalero.townleague.appwebcontroller.RefereeAppWebController [http-nio-8080-exec-6] init showReferees
2021-04-10 15:45:17,608 INFO com.sanvalero.townleague.appwebcontroller.RefereeAppWebController [http-nio-8080-exec-6] end showReferees
2021-04-10 15:45:19,083 INFO com.sanvalero.townleague.appwebcontroller.StadiumAppWebController [http-nio-8080-exec-2] init showStadiums
2021-04-10 15:45:19,083 INFO com.sanvalero.townleague.appwebcontroller.StadiumAppWebController [http-nio-8080-exec-2] end showStadiums
2021-04-10 15:45:20,808 INFO com.sanvalero.townleague.appwebcontroller.MatchAppWebController [http-nio-8080-exec-5] init registerMatchForm
2021-04-10 15:45:20,808 INFO com.sanvalero.townleague.appwebcontroller.MatchAppWebController [http-nio-8080-exec-5] end registerMatchForm
